<?xml version="1.0" encoding="UTF-8"?>
<!-- Generated by org.testng.reporters.JUnitReportReporter -->
<testsuite skipped="0" hostname="DESKTOP-T7MPPON" name="apiPackage.Requests" tests="1" failures="0" timestamp="2023-05-31T21:21:47 IST" time="2.821" errors="0">
  <testcase name="getUsers" time="2.821" classname="apiPackage.Requests"/>
  <system-out/>
</testsuite> <!-- apiPackage.Requests -->
